# JRE version: OpenJDK Runtime Environment Temurin-21.0.6+7 (21.0.6+7) (build 21.0.6+7-LTS)
# Java VM: OpenJDK 64-Bit Server VM Temurin-21.0.6+7 (21.0.6+7-LTS, mixed mode, sharing, tiered, compressed oops, compressed class ptrs, parallel gc, windows-amd64)
GC Precious Log:
 CardTable entry size: 512
 CPUs: 12 total, 12 available
 Memory: 16016M
 Large Page Support: Disabled
 NUMA Support: Disabled
 Compressed Oops: Enabled (32-bit)
 Alignments: Space 512K, Generation 512K, Heap 2M
 Heap Min Capacity: 100M
 Heap Initial Capacity: 100M
 Heap Max Capacity: 1G
 Pre-touch: Disabled
 Parallel Workers: 10
Heap:
 PSYoungGen      total 1536K, used 921K [0x00000000eab00000, 0x00000000eae00000, 0x0000000100000000)
  eden space 1024K, 58% used [0x00000000eab00000,0x00000000eab967e0,0x00000000eac00000)
  from space 512K, 62% used [0x00000000ead00000,0x00000000ead50000,0x00000000ead80000)
  to   space 512K, 0% used [0x00000000ead80000,0x00000000ead80000,0x00000000eae00000)
 ParOldGen       total 428032K, used 251642K [0x00000000c0000000, 0x00000000da200000, 0x00000000eab00000)
  object space 428032K, 58% used [0x00000000c0000000,0x00000000cf5be978,0x00000000da200000)
 Metaspace       used 77520K, committed 79168K, reserved 1179648K
  class space    used 8901K, committed 9600K, reserved 1048576K
GC Heap History (20 events):
Event: 165.610 GC heap before
{Heap before GC invocations=1604 (full 4):
 PSYoungGen      total 3072K, used 2464K [0x00000000eab00000, 0x00000000eaf00000, 0x0000000100000000)
  eden space 2048K, 100% used [0x00000000eab00000,0x00000000ead00000,0x00000000ead00000)
  from space 1024K, 40% used [0x00000000ead00000,0x00000000ead68000,0x00000000eae00000)
  to   space 512K, 0% used [0x00000000eae80000,0x00000000eae80000,0x00000000eaf00000)
 ParOldGen       total 428032K, used 247227K [0x00000000c0000000, 0x00000000da200000, 0x00000000eab00000)
  object space 428032K, 57% used [0x00000000c0000000,0x00000000cf16ee58,0x00000000da200000)
 Metaspace       used 77297K, committed 78848K, reserved 1179648K
  class space    used 8874K, committed 9536K, reserved 1048576K
}
Event: 165.611 GC heap after
{Heap after GC invocations=1604 (full 4):
 PSYoungGen      total 2560K, used 512K [0x00000000eab00000, 0x00000000eaf00000, 0x0000000100000000)
  eden space 2048K, 0% used [0x00000000eab00000,0x00000000eab00000,0x00000000ead00000)
  from space 512K, 100% used [0x00000000eae80000,0x00000000eaf00000,0x00000000eaf00000)
  to   space 1024K, 0% used [0x00000000ead00000,0x00000000ead00000,0x00000000eae00000)
 ParOldGen       total 428032K, used 247555K [0x00000000c0000000, 0x00000000da200000, 0x00000000eab00000)
  object space 428032K, 57% used [0x00000000c0000000,0x00000000cf1c0e68,0x00000000da200000)
 Metaspace       used 77297K, committed 78848K, reserved 1179648K
  class space    used 8874K, committed 9536K, reserved 1048576K
}
Event: 165.617 GC heap before
{Heap before GC invocations=1605 (full 4):
 PSYoungGen      total 2560K, used 2504K [0x00000000eab00000, 0x00000000eaf00000, 0x0000000100000000)
  eden space 2048K, 97% used [0x00000000eab00000,0x00000000eacf2318,0x00000000ead00000)
  from space 512K, 100% used [0x00000000eae80000,0x00000000eaf00000,0x00000000eaf00000)
  to   space 1024K, 0% used [0x00000000ead00000,0x00000000ead00000,0x00000000eae00000)
 ParOldGen       total 428032K, used 247555K [0x00000000c0000000, 0x00000000da200000, 0x00000000eab00000)
  object space 428032K, 57% used [0x00000000c0000000,0x00000000cf1c0e68,0x00000000da200000)
 Metaspace       used 77298K, committed 78848K, reserved 1179648K
  class space    used 8874K, committed 9536K, reserved 1048576K
}
Event: 165.618 GC heap after
{Heap after GC invocations=1605 (full 4):
 PSYoungGen      total 3072K, used 735K [0x00000000eab00000, 0x00000000eaf00000, 0x0000000100000000)
  eden space 2048K, 0% used [0x00000000eab00000,0x00000000eab00000,0x00000000ead00000)
  from space 1024K, 71% used [0x00000000ead00000,0x00000000eadb7cf0,0x00000000eae00000)
  to   space 1024K, 0% used [0x00000000eae00000,0x00000000eae00000,0x00000000eaf00000)
 ParOldGen       total 428032K, used 247963K [0x00000000c0000000, 0x00000000da200000, 0x00000000eab00000)
  object space 428032K, 57% used [0x00000000c0000000,0x00000000cf226e68,0x00000000da200000)
 Metaspace       used 77298K, committed 78848K, reserved 1179648K
  class space    used 8874K, committed 9536K, reserved 1048576K
}
Event: 165.621 GC heap before
{Heap before GC invocations=1606 (full 4):
 PSYoungGen      total 3072K, used 2783K [0x00000000eab00000, 0x00000000eaf00000, 0x0000000100000000)
  eden space 2048K, 100% used [0x00000000eab00000,0x00000000ead00000,0x00000000ead00000)
  from space 1024K, 71% used [0x00000000ead00000,0x00000000eadb7cf0,0x00000000eae00000)
  to   space 1024K, 0% used [0x00000000eae00000,0x00000000eae00000,0x00000000eaf00000)
 ParOldGen       total 428032K, used 247963K [0x00000000c0000000, 0x00000000da200000, 0x00000000eab00000)
  object space 428032K, 57% used [0x00000000c0000000,0x00000000cf226e68,0x00000000da200000)
 Metaspace       used 77298K, committed 78848K, reserved 1179648K
  class space    used 8874K, committed 9536K, reserved 1048576K
}
Event: 165.622 GC heap after
{Heap after GC invocations=1606 (full 4):
 PSYoungGen      total 2048K, used 992K [0x00000000eab00000, 0x00000000eb100000, 0x0000000100000000)
  eden space 1024K, 0% used [0x00000000eab00000,0x00000000eab00000,0x00000000eac00000)
  from space 1024K, 96% used [0x00000000eae00000,0x00000000eaef81c8,0x00000000eaf00000)
  to   space 2048K, 0% used [0x00000000eac00000,0x00000000eac00000,0x00000000eae00000)
 ParOldGen       total 428032K, used 248631K [0x00000000c0000000, 0x00000000da200000, 0x00000000eab00000)
  object space 428032K, 58% used [0x00000000c0000000,0x00000000cf2cdc78,0x00000000da200000)
 Metaspace       used 77298K, committed 78848K, reserved 1179648K
  class space    used 8874K, committed 9536K, reserved 1048576K
}
Event: 165.624 GC heap before
{Heap before GC invocations=1607 (full 4):
 PSYoungGen      total 2048K, used 1969K [0x00000000eab00000, 0x00000000eb100000, 0x0000000100000000)
  eden space 1024K, 95% used [0x00000000eab00000,0x00000000eabf4498,0x00000000eac00000)
  from space 1024K, 96% used [0x00000000eae00000,0x00000000eaef81c8,0x00000000eaf00000)
  to   space 2048K, 0% used [0x00000000eac00000,0x00000000eac00000,0x00000000eae00000)
 ParOldGen       total 428032K, used 248631K [0x00000000c0000000, 0x00000000da200000, 0x00000000eab00000)
  object space 428032K, 58% used [0x00000000c0000000,0x00000000cf2cdc78,0x00000000da200000)
 Metaspace       used 77298K, committed 78848K, reserved 1179648K
  class space    used 8874K, committed 9536K, reserved 1048576K
}
Event: 165.625 GC heap after
{Heap after GC invocations=1607 (full 4):
 PSYoungGen      total 3072K, used 736K [0x00000000eab00000, 0x00000000eaf80000, 0x0000000100000000)
  eden space 1024K, 0% used [0x00000000eab00000,0x00000000eab00000,0x00000000eac00000)
  from space 2048K, 35% used [0x00000000eac00000,0x00000000eacb8020,0x00000000eae00000)
  to   space 1536K, 0% used [0x00000000eae00000,0x00000000eae00000,0x00000000eaf80000)
 ParOldGen       total 428032K, used 249949K [0x00000000c0000000, 0x00000000da200000, 0x00000000eab00000)
  object space 428032K, 58% used [0x00000000c0000000,0x00000000cf417740,0x00000000da200000)
 Metaspace       used 77298K, committed 78848K, reserved 1179648K
  class space    used 8874K, committed 9536K, reserved 1048576K
}
Event: 323.707 GC heap before
{Heap before GC invocations=1608 (full 4):
 PSYoungGen      total 3072K, used 1760K [0x00000000eab00000, 0x00000000eaf80000, 0x0000000100000000)
  eden space 1024K, 100% used [0x00000000eab00000,0x00000000eac00000,0x00000000eac00000)
  from space 2048K, 35% used [0x00000000eac00000,0x00000000eacb8020,0x00000000eae00000)
  to   space 1536K, 0% used [0x00000000eae00000,0x00000000eae00000,0x00000000eaf80000)
 ParOldGen       total 428032K, used 249949K [0x00000000c0000000, 0x00000000da200000, 0x00000000eab00000)
  object space 428032K, 58% used [0x00000000c0000000,0x00000000cf417740,0x00000000da200000)
 Metaspace       used 77313K, committed 78848K, reserved 1179648K
  class space    used 8874K, committed 9536K, reserved 1048576K
}
Event: 323.710 GC heap after
{Heap after GC invocations=1608 (full 4):
 PSYoungGen      total 1536K, used 384K [0x00000000eab00000, 0x00000000eae80000, 0x0000000100000000)
  eden space 1024K, 0% used [0x00000000eab00000,0x00000000eab00000,0x00000000eac00000)
  from space 512K, 75% used [0x00000000eae00000,0x00000000eae60010,0x00000000eae80000)
  to   space 1024K, 0% used [0x00000000eac80000,0x00000000eac80000,0x00000000ead80000)
 ParOldGen       total 428032K, used 250506K [0x00000000c0000000, 0x00000000da200000, 0x00000000eab00000)
  object space 428032K, 58% used [0x00000000c0000000,0x00000000cf4a2958,0x00000000da200000)
 Metaspace       used 77313K, committed 78848K, reserved 1179648K
  class space    used 8874K, committed 9536K, reserved 1048576K
}
Event: 323.729 GC heap before
{Heap before GC invocations=1609 (full 4):
 PSYoungGen      total 1536K, used 1408K [0x00000000eab00000, 0x00000000eae80000, 0x0000000100000000)
  eden space 1024K, 99% used [0x00000000eab00000,0x00000000eabffff8,0x00000000eac00000)
  from space 512K, 75% used [0x00000000eae00000,0x00000000eae60010,0x00000000eae80000)
  to   space 1024K, 0% used [0x00000000eac80000,0x00000000eac80000,0x00000000ead80000)
 ParOldGen       total 428032K, used 250506K [0x00000000c0000000, 0x00000000da200000, 0x00000000eab00000)
  object space 428032K, 58% used [0x00000000c0000000,0x00000000cf4a2958,0x00000000da200000)
 Metaspace       used 77323K, committed 78848K, reserved 1179648K
  class space    used 8875K, committed 9536K, reserved 1048576K
}
Event: 323.733 GC heap after
{Heap after GC invocations=1609 (full 4):
 PSYoungGen      total 2048K, used 576K [0x00000000eab00000, 0x00000000eae80000, 0x0000000100000000)
  eden space 1024K, 0% used [0x00000000eab00000,0x00000000eab00000,0x00000000eac00000)
  from space 1024K, 56% used [0x00000000eac80000,0x00000000ead10010,0x00000000ead80000)
  to   space 1024K, 0% used [0x00000000ead80000,0x00000000ead80000,0x00000000eae80000)
 ParOldGen       total 428032K, used 250754K [0x00000000c0000000, 0x00000000da200000, 0x00000000eab00000)
  object space 428032K, 58% used [0x00000000c0000000,0x00000000cf4e0968,0x00000000da200000)
 Metaspace       used 77323K, committed 78848K, reserved 1179648K
  class space    used 8875K, committed 9536K, reserved 1048576K
}
Event: 323.753 GC heap before
{Heap before GC invocations=1610 (full 4):
 PSYoungGen      total 2048K, used 1600K [0x00000000eab00000, 0x00000000eae80000, 0x0000000100000000)
  eden space 1024K, 100% used [0x00000000eab00000,0x00000000eac00000,0x00000000eac00000)
  from space 1024K, 56% used [0x00000000eac80000,0x00000000ead10010,0x00000000ead80000)
  to   space 1024K, 0% used [0x00000000ead80000,0x00000000ead80000,0x00000000eae80000)
 ParOldGen       total 428032K, used 250754K [0x00000000c0000000, 0x00000000da200000, 0x00000000eab00000)
  object space 428032K, 58% used [0x00000000c0000000,0x00000000cf4e0968,0x00000000da200000)
 Metaspace       used 77323K, committed 78848K, reserved 1179648K
  class space    used 8875K, committed 9536K, reserved 1048576K
}
Event: 323.756 GC heap after
{Heap after GC invocations=1610 (full 4):
 PSYoungGen      total 1536K, used 480K [0x00000000eab00000, 0x00000000eae00000, 0x0000000100000000)
  eden space 1024K, 0% used [0x00000000eab00000,0x00000000eab00000,0x00000000eac00000)
  from space 512K, 93% used [0x00000000ead80000,0x00000000eadf8010,0x00000000eae00000)
  to   space 1024K, 0% used [0x00000000eac00000,0x00000000eac00000,0x00000000ead00000)
 ParOldGen       total 428032K, used 251122K [0x00000000c0000000, 0x00000000da200000, 0x00000000eab00000)
  object space 428032K, 58% used [0x00000000c0000000,0x00000000cf53c968,0x00000000da200000)
 Metaspace       used 77323K, committed 78848K, reserved 1179648K
  class space    used 8875K, committed 9536K, reserved 1048576K
}
Event: 327.716 GC heap before
{Heap before GC invocations=1611 (full 4):
 PSYoungGen      total 1536K, used 1502K [0x00000000eab00000, 0x00000000eae00000, 0x0000000100000000)
  eden space 1024K, 99% used [0x00000000eab00000,0x00000000eabffa90,0x00000000eac00000)
  from space 512K, 93% used [0x00000000ead80000,0x00000000eadf8010,0x00000000eae00000)
  to   space 1024K, 0% used [0x00000000eac00000,0x00000000eac00000,0x00000000ead00000)
 ParOldGen       total 428032K, used 251122K [0x00000000c0000000, 0x00000000da200000, 0x00000000eab00000)
  object space 428032K, 58% used [0x00000000c0000000,0x00000000cf53c968,0x00000000da200000)
 Metaspace       used 77403K, committed 79040K, reserved 1179648K
  class space    used 8888K, committed 9600K, reserved 1048576K
}
Event: 327.720 GC heap after
{Heap after GC invocations=1611 (full 4):
 PSYoungGen      total 2048K, used 288K [0x00000000eab00000, 0x00000000eae00000, 0x0000000100000000)
  eden space 1024K, 0% used [0x00000000eab00000,0x00000000eab00000,0x00000000eac00000)
  from space 1024K, 28% used [0x00000000eac00000,0x00000000eac48000,0x00000000ead00000)
  to   space 512K, 0% used [0x00000000ead80000,0x00000000ead80000,0x00000000eae00000)
 ParOldGen       total 428032K, used 251498K [0x00000000c0000000, 0x00000000da200000, 0x00000000eab00000)
  object space 428032K, 58% used [0x00000000c0000000,0x00000000cf59a978,0x00000000da200000)
 Metaspace       used 77403K, committed 79040K, reserved 1179648K
  class space    used 8888K, committed 9600K, reserved 1048576K
}
Event: 327.761 GC heap before
{Heap before GC invocations=1612 (full 4):
 PSYoungGen      total 2048K, used 1312K [0x00000000eab00000, 0x00000000eae00000, 0x0000000100000000)
  eden space 1024K, 100% used [0x00000000eab00000,0x00000000eac00000,0x00000000eac00000)
  from space 1024K, 28% used [0x00000000eac00000,0x00000000eac48000,0x00000000ead00000)
  to   space 512K, 0% used [0x00000000ead80000,0x00000000ead80000,0x00000000eae00000)
 ParOldGen       total 428032K, used 251498K [0x00000000c0000000, 0x00000000da200000, 0x00000000eab00000)
  object space 428032K, 58% used [0x00000000c0000000,0x00000000cf59a978,0x00000000da200000)
 Metaspace       used 77471K, committed 79104K, reserved 1179648K
  class space    used 8893K, committed 9600K, reserved 1048576K
}
Event: 327.763 GC heap after
{Heap after GC invocations=1612 (full 4):
 PSYoungGen      total 1536K, used 256K [0x00000000eab00000, 0x00000000eae00000, 0x0000000100000000)
  eden space 1024K, 0% used [0x00000000eab00000,0x00000000eab00000,0x00000000eac00000)
  from space 512K, 50% used [0x00000000ead80000,0x00000000eadc0000,0x00000000eae00000)
  to   space 512K, 0% used [0x00000000ead00000,0x00000000ead00000,0x00000000ead80000)
 ParOldGen       total 428032K, used 251578K [0x00000000c0000000, 0x00000000da200000, 0x00000000eab00000)
  object space 428032K, 58% used [0x00000000c0000000,0x00000000cf5ae978,0x00000000da200000)
 Metaspace       used 77471K, committed 79104K, reserved 1179648K
  class space    used 8893K, committed 9600K, reserved 1048576K
}
Event: 393.522 GC heap before
{Heap before GC invocations=1613 (full 4):
 PSYoungGen      total 1536K, used 1280K [0x00000000eab00000, 0x00000000eae00000, 0x0000000100000000)
  eden space 1024K, 100% used [0x00000000eab00000,0x00000000eac00000,0x00000000eac00000)
  from space 512K, 50% used [0x00000000ead80000,0x00000000eadc0000,0x00000000eae00000)
  to   space 512K, 0% used [0x00000000ead00000,0x00000000ead00000,0x00000000ead80000)
 ParOldGen       total 428032K, used 251578K [0x00000000c0000000, 0x00000000da200000, 0x00000000eab00000)
  object space 428032K, 58% used [0x00000000c0000000,0x00000000cf5ae978,0x00000000da200000)
 Metaspace       used 77520K, committed 79168K, reserved 1179648K
  class space    used 8901K, committed 9600K, reserved 1048576K
}
Event: 393.523 GC heap after
{Heap after GC invocations=1613 (full 4):
 PSYoungGen      total 1536K, used 320K [0x00000000eab00000, 0x00000000eae00000, 0x0000000100000000)
  eden space 1024K, 0% used [0x00000000eab00000,0x00000000eab00000,0x00000000eac00000)
  from space 512K, 62% used [0x00000000ead00000,0x00000000ead50000,0x00000000ead80000)
  to   space 512K, 0% used [0x00000000ead80000,0x00000000ead80000,0x00000000eae00000)
 ParOldGen       total 428032K, used 251642K [0x00000000c0000000, 0x00000000da200000, 0x00000000eab00000)
  object space 428032K, 58% used [0x00000000c0000000,0x00000000cf5be978,0x00000000da200000)
 Metaspace       used 77520K, committed 79168K, reserved 1179648K
  class space    used 8901K, committed 9600K, reserved 1048576K
}

